0 verbose cli C:\Program Files\nodejs\node.exe C:\Program Files\nodejs\node_modules\npm\bin\npm-cli.js
1 info using npm@10.2.4
2 info using node@v21.5.0
3 timing npm:load:whichnode Completed in 3ms
4 timing config:load:defaults Completed in 3ms
5 timing config:load:file:C:\Program Files\nodejs\node_modules\npm\npmrc Completed in 5ms
6 timing config:load:builtin Completed in 5ms
7 timing config:load:cli Completed in 3ms
8 timing config:load:env Completed in 1ms
9 timing config:load:file:E:\Iprocure_admin\bigtraders_admin\.npmrc Completed in 1ms
10 timing config:load:project Completed in 3ms
11 timing config:load:file:C:\Users\QS-FAR-LT-017\.npmrc Completed in 0ms
12 timing config:load:user Completed in 0ms
13 timing config:load:file:E:\Iprocure_admin\bigtraders_admin\npm\etc\npmrc Completed in 0ms
14 timing config:load:global Completed in 1ms
15 timing config:load:setEnvs Completed in 2ms
16 timing config:load Completed in 19ms
17 timing npm:load:configload Completed in 19ms
18 timing config:load:flatten Completed in 3ms
19 timing npm:load:mkdirpcache Completed in 1ms
20 timing npm:load:mkdirplogs Completed in 1ms
21 verbose title npm run build
22 verbose argv "run" "build"
23 timing npm:load:setTitle Completed in 1ms
24 timing npm:load:display Completed in 0ms
25 verbose logfile logs-max:10 dir:E:\Iprocure_admin\bigtraders_admin\npm\cache\_logs\2025-01-07T13_00_53_490Z-
26 verbose logfile E:\Iprocure_admin\bigtraders_admin\npm\cache\_logs\2025-01-07T13_00_53_490Z-debug-0.log
27 timing npm:load:logFile Completed in 11ms
28 timing npm:load:timers Completed in 0ms
29 timing npm:load:configScope Completed in 0ms
30 timing npm:load Completed in 81ms
31 silly logfile done cleaning log files
32 http fetch GET 200 https://registry.npmjs.org/npm 263ms (cache miss)
33 timing command:run Completed in 83216ms
34 notice
34 notice New major version of npm available! 10.2.4 -> 11.0.0
34 notice Changelog: <https://github.com/npm/cli/releases/tag/v11.0.0>
34 notice Run `npm install -g npm@11.0.0` to update!
34 notice
35 verbose exit 1
36 timing npm Completed in 83440ms
37 verbose code 1
